#
# An unexpected error has been detected by Java Runtime Environment:
#
#  EXCEPTION_ACCESS_VIOLATION (0xc0000005) at pc=0x000000007a69d0e0, pid=15684, tid=15276
#
# Java VM: Java HotSpot(TM) 64-Bit Server VM (11.2-b01 mixed mode windows-amd64)
# Problematic frame:
# C  [awt.dll+0xdd0e0]
#
# If you would like to submit a bug report, please visit:
#   http://java.sun.com/webapps/bugreport/crash.jsp
# The crash happened outside the Java Virtual Machine in native code.
# See problematic frame for where to report the bug.
#

---------------  T H R E A D  ---------------

Current thread (0x0000000033c01400):  JavaThread "AWT-EventQueue-0" [_thread_in_native, id=15276, stack(0x0000000034810000,0x0000000034890000)]

siginfo: ExceptionCode=0xc0000005, reading address 0x0000000000000008

Registers:
EAX=0x000000000000000d, EBX=0x0000000033c015c0, ECX=0x0000000000000000, EDX=0x0000000062012ff2
ESP=0x000000003488e498, EBP=0x00000000336030a0, ESI=0x0000000033c015c0, EDI=0x0000000033654380
EIP=0x000000007a69d0e0, EFLAGS=0x0000000000010206

Top of Stack: (sp=0x000000003488e498)
0x000000003488e498:   000000007a645acc 0000000000000000
0x000000003488e4a8:   0000000033c015c0 00000000336030a0
0x000000003488e4b8:   0000000033c015c0 0000000010222138
0x000000003488e4c8:   0000000033c015c0 0000000000000101
0x000000003488e4d8:   000000007a623810 0000000033c015c0
0x000000003488e4e8:   000000003488ebb8 000000003488ec30
0x000000003488e4f8:   00000000336030a0 0000001b0000000a
0x000000003488e508:   000000007a642381 0000000025486400
0x000000003488e518:   000000003488ec28 000000002520fe88
0x000000003488e528:   000000003488ec30 0000000000000000
0x000000003488e538:   000000000000001c 0000000000000010
0x000000003488e548:   0000000000000000 000000001b704cd8
0x000000003488e558:   0000000000000000 000000001b4d6140
0x000000003488e568:   00000000139b5510 00000000131307a0
0x000000003488e578:   0000001700000001 000000002549e818
0x000000003488e588:   000000001b815980 0000000000000017 

Instructions: (pc=0x000000007a69d0e0)
0x000000007a69d0d0:   48 8b 41 08 48 8b 80 18 0c 00 00 c3 cc cc cc cc
0x000000007a69d0e0:   48 8b 49 08 48 85 c9 74 05 e9 b2 ee fd ff 33 c0 


Stack: [0x0000000034810000,0x0000000034890000],  sp=0x000000003488e498,  free space=505k
Native frames: (J=compiled Java code, j=interpreted, Vv=VM code, C=native code)
C  [awt.dll+0xdd0e0]

Java frames: (J=compiled Java code, j=interpreted, Vv=VM code)
j  sun.java2d.windows.GDIBlitLoops.nativeBlit(Lsun/java2d/SurfaceData;Lsun/java2d/SurfaceData;Lsun/java2d/pipe/Region;IIIIIIIIIZ)V+0
j  sun.java2d.windows.GDIBlitLoops.Blit(Lsun/java2d/SurfaceData;Lsun/java2d/SurfaceData;Ljava/awt/Composite;Lsun/java2d/pipe/Region;IIIIII)V+33
J  sun.java2d.pipe.DrawImage.copyImage(Lsun/java2d/SunGraphics2D;Ljava/awt/Image;IILjava/awt/Color;Ljava/awt/image/ImageObserver;)Z
J  sun.java2d.SunGraphics2D.drawImage(Ljava/awt/Image;IILjava/awt/Color;Ljava/awt/image/ImageObserver;)Z
J  javax.swing.RepaintManager$PaintManager.paintDoubleBuffered(Ljavax/swing/JComponent;Ljava/awt/Image;Ljava/awt/Graphics;IIII)V
j  javax.swing.RepaintManager$PaintManager.paint(Ljavax/swing/JComponent;Ljavax/swing/JComponent;Ljava/awt/Graphics;IIII)Z+116
j  javax.swing.RepaintManager.paint(Ljavax/swing/JComponent;Ljavax/swing/JComponent;Ljava/awt/Graphics;IIII)V+52
J  javax.swing.JComponent.paint(Ljava/awt/Graphics;)V
j  java.awt.GraphicsCallback$PaintCallback.run(Ljava/awt/Component;Ljava/awt/Graphics;)V+2
j  sun.awt.SunGraphicsCallback.runOneComponent(Ljava/awt/Component;Ljava/awt/Rectangle;Ljava/awt/Graphics;Ljava/awt/Shape;I)V+155
j  sun.awt.SunGraphicsCallback.runComponents([Ljava/awt/Component;Ljava/awt/Graphics;I)V+104
j  java.awt.Container.paint(Ljava/awt/Graphics;)V+73
J  javax.swing.RepaintManager.paintDirtyRegions(Ljava/util/Map;)V
j  javax.swing.RepaintManager.paintDirtyRegions()V+46
j  javax.swing.RepaintManager.seqPaintDirtyRegions()V+73
j  javax.swing.SystemEventQueueUtilities$ComponentWorkRequest.run()V+36
J  java.awt.event.InvocationEvent.dispatch()V
J  java.awt.EventDispatchThread.pumpOneEventForFilters(I)Z
J  java.awt.EventDispatchThread.pumpEventsForFilter(ILjava/awt/Conditional;Ljava/awt/EventFilter;)V
j  java.awt.EventDispatchThread.pumpEventsForHierarchy(ILjava/awt/Conditional;Ljava/awt/Component;)V+11
j  java.awt.EventDispatchThread.pumpEvents(ILjava/awt/Conditional;)V+4
j  java.awt.EventDispatchThread.pumpEvents(Ljava/awt/Conditional;)V+3
j  java.awt.EventDispatchThread.run()V+9
v  ~StubRoutines::call_stub

---------------  P R O C E S S  ---------------

Java Threads: ( => current thread )
  0x0000000034d70800 JavaThread "Thread-796" [_thread_blocked, id=14596, stack(0x0000000006070000,0x00000000060f0000)]
  0x0000000034d71800 JavaThread "Thread-795" [_thread_blocked, id=10764, stack(0x0000000005ff0000,0x0000000006070000)]
  0x0000000034d71000 JavaThread "Thread-794" [_thread_blocked, id=12232, stack(0x0000000005f70000,0x0000000005ff0000)]
  0x0000000034d73c00 JavaThread "pool-2-thread-1" [_thread_blocked, id=11896, stack(0x0000000006740000,0x00000000067c0000)]
  0x0000000034d6d800 JavaThread "Foxtrot Single Worker Thread #1" daemon [_thread_blocked, id=10040, stack(0x0000000006560000,0x00000000065e0000)]
  0x0000000034d72c00 JavaThread "Timer-InstrumentReadWritePoll" [_thread_blocked, id=10236, stack(0x0000000007400000,0x0000000007480000)]
  0x0000000034d72000 JavaThread "MultiThreadedHttpConnectionManager cleanup" daemon [_thread_blocked, id=10300, stack(0x000000000d700000,0x000000000d780000)]
  0x0000000034d6fc00 JavaThread "Active Reference Queue Daemon" daemon [_thread_blocked, id=6796, stack(0x0000000037960000,0x00000000379e0000)]
  0x0000000034d6e800 JavaThread "Timer-11" daemon [_thread_blocked, id=14360, stack(0x0000000037760000,0x00000000377e0000)]
  0x0000000034d6f400 JavaThread "FelixPackageAdmin" daemon [_thread_blocked, id=16244, stack(0x00000000378e0000,0x0000000037960000)]
  0x0000000034d6ec00 JavaThread "FelixStartLevel" daemon [_thread_blocked, id=11664, stack(0x0000000037860000,0x00000000378e0000)]
  0x0000000034d6d000 JavaThread "FelixDispatchQueue" daemon [_thread_blocked, id=9568, stack(0x00000000377e0000,0x0000000037860000)]
  0x0000000034d6e000 JavaThread "Timer-10" daemon [_thread_blocked, id=1908, stack(0x0000000037600000,0x0000000037680000)]
  0x0000000033e9a000 JavaThread "Prefs Updater" daemon [_thread_blocked, id=5520, stack(0x0000000037580000,0x0000000037600000)]
  0x0000000033cafc00 JavaThread "Timer-1" [_thread_blocked, id=9864, stack(0x00000000359e0000,0x0000000035a60000)]
  0x0000000033c01c00 JavaThread "TimerQueue" daemon [_thread_blocked, id=4564, stack(0x00000000348a0000,0x0000000034920000)]
=>0x0000000033c01400 JavaThread "AWT-EventQueue-0" [_thread_in_native, id=15276, stack(0x0000000034810000,0x0000000034890000)]
  0x0000000033b61c00 JavaThread "AWT-Shutdown" [_thread_blocked, id=10244, stack(0x0000000034110000,0x0000000034190000)]
  0x0000000033b62400 JavaThread "AWT-Windows" daemon [_thread_in_native, id=6612, stack(0x0000000034190000,0x0000000034210000)]
  0x0000000033b5d800 JavaThread "Java2D Disposer" daemon [_thread_blocked, id=12092, stack(0x000000002f1c0000,0x000000002f240000)]
  0x00000000335f4800 JavaThread "Timer-0" [_thread_blocked, id=4728, stack(0x000000002f140000,0x000000002f1c0000)]
  0x0000000033616400 JavaThread "JMI Unnamed Thread" [_thread_in_native, id=13724, stack(0x0000000007df0000,0x0000000008df0000)]
  0x000000002f3e3000 JavaThread "Low Memory Detector" daemon [_thread_blocked, id=16096, stack(0x000000002f0c0000,0x000000002f140000)]
  0x000000002f3dcc00 JavaThread "CompilerThread1" daemon [_thread_blocked, id=6916, stack(0x0000000031450000,0x0000000032450000)]
  0x000000002f3d8c00 JavaThread "CompilerThread0" daemon [_thread_blocked, id=14712, stack(0x0000000030450000,0x0000000031450000)]
  0x000000002f3d8400 JavaThread "Attach Listener" daemon [_thread_blocked, id=15560, stack(0x000000000e0a0000,0x000000000e120000)]
  0x000000002f3bc800 JavaThread "Finalizer" daemon [_thread_blocked, id=17296, stack(0x000000000e020000,0x000000000e0a0000)]
  0x000000002f3b0c00 JavaThread "Reference Handler" daemon [_thread_blocked, id=18272, stack(0x0000000008ee0000,0x0000000008f60000)]
  0x00000000017ef000 JavaThread "main" [_thread_in_native, id=15716, stack(0x0000000000030000,0x0000000001030000)]

Other Threads:
  0x000000002f3a8000 VMThread [stack: 0x000000002f450000,0x0000000030450000] [id=9464]
  0x000000002f40f800 WatcherThread [stack: 0x0000000032450000,0x0000000033450000] [id=17404]

VM state:not at safepoint (normal execution)

VM Mutex/Monitor currently owned by a thread: None

Heap
 PSYoungGen      total 28736K, used 22042K [0x0000000023fc0000, 0x0000000025ed0000, 0x00000000270c0000)
  eden space 25920K, 82% used [0x0000000023fc0000,0x00000000254a0dc0,0x0000000025910000)
  from space 2816K, 23% used [0x0000000025c10000,0x0000000025cb5d18,0x0000000025ed0000)
  to   space 2944K, 0% used [0x0000000025910000,0x0000000025910000,0x0000000025bf0000)
 PSOldGen        total 150528K, used 126894K [0x000000001acc0000, 0x0000000023fc0000, 0x0000000023fc0000)
  object space 150528K, 84% used [0x000000001acc0000,0x00000000228ab940,0x0000000023fc0000)
 PSPermGen       total 114688K, used 69525K [0x0000000012cc0000, 0x0000000019cc0000, 0x000000001acc0000)
  object space 114688K, 60% used [0x0000000012cc0000,0x00000000170a5500,0x0000000019cc0000)

Dynamic libraries:
0x0000000140000000 - 0x000000014002a000 	C:\Program Files\MATLAB\R2010a\bin\win64\MATLAB.exe
0x0000000077000000 - 0x00000000771a9000 	C:\Windows\SYSTEM32\ntdll.dll
0x0000000076ee0000 - 0x0000000076fff000 	C:\Windows\system32\kernel32.dll
0x000007fefd5b0000 - 0x000007fefd61c000 	C:\Windows\system32\KERNELBASE.dll
0x000000007ce80000 - 0x000000007cf96000 	C:\Program Files\MATLAB\R2010a\bin\win64\libut.dll
0x000007fefe230000 - 0x000007fefe249000 	C:\Windows\system32\imagehlp.dll
0x000007fefdab0000 - 0x000007fefdb4f000 	C:\Windows\system32\msvcrt.dll
0x000007fefde00000 - 0x000007fefdedb000 	C:\Windows\system32\ADVAPI32.dll
0x000007feff270000 - 0x000007feff28f000 	C:\Windows\SYSTEM32\sechost.dll
0x000007fefdcd0000 - 0x000007fefddfd000 	C:\Windows\system32\RPCRT4.dll
0x00000000771d0000 - 0x00000000771d7000 	C:\Windows\system32\PSAPI.DLL
0x000000007d660000 - 0x000000007d688000 	C:\Program Files\MATLAB\R2010a\bin\win64\LIBEXPAT.dll
0x0000000072f40000 - 0x0000000073009000 	C:\Windows\WinSxS\amd64_microsoft.vc80.crt_1fc8b3b9a1e18e3b_8.0.50727.6195_none_88e41e092fab0294\MSVCR80.dll
0x000000007d380000 - 0x000000007d4ac000 	C:\Program Files\MATLAB\R2010a\bin\win64\icuuc40.dll
0x000000007c8b0000 - 0x000000007c8b3000 	C:\Program Files\MATLAB\R2010a\bin\win64\icudt40.dll
0x000000007c8c0000 - 0x000000007c8d0000 	C:\Program Files\MATLAB\R2010a\bin\win64\icuio40.dll
0x000000007cb00000 - 0x000000007cc53000 	C:\Program Files\MATLAB\R2010a\bin\win64\icuin40.dll
0x000000006fc80000 - 0x000000006fd89000 	C:\Windows\WinSxS\amd64_microsoft.vc80.crt_1fc8b3b9a1e18e3b_8.0.50727.6195_none_88e41e092fab0294\MSVCP80.dll
0x0000000076de0000 - 0x0000000076eda000 	C:\Windows\system32\USER32.dll
0x000007fefd970000 - 0x000007fefd9d7000 	C:\Windows\system32\GDI32.dll
0x000007fefdb50000 - 0x000007fefdb5e000 	C:\Windows\system32\LPK.dll
0x000007fefd9e0000 - 0x000007fefdaa9000 	C:\Windows\system32\USP10.dll
0x0000000078930000 - 0x0000000078a4e000 	C:\Program Files\MATLAB\R2010a\bin\win64\libmwfl.dll
0x00000000788c0000 - 0x00000000788fe000 	C:\Program Files\MATLAB\R2010a\bin\win64\tbb.dll
0x000000007e960000 - 0x000000007e96f000 	C:\Program Files\MATLAB\R2010a\bin\win64\boost_date_time-vc80-mt-1_36.dll
0x000000007ebf0000 - 0x000000007ec0d000 	C:\Program Files\MATLAB\R2010a\bin\win64\boost_filesystem-vc80-mt-1_36.dll
0x000000007dbd0000 - 0x000000007dbd9000 	C:\Program Files\MATLAB\R2010a\bin\win64\boost_system-vc80-mt-1_36.dll
0x000000007e940000 - 0x000000007e956000 	C:\Program Files\MATLAB\R2010a\bin\win64\boost_signals-vc80-mt-1_36.dll
0x000000007c890000 - 0x000000007c8a1000 	C:\Program Files\MATLAB\R2010a\bin\win64\boost_thread-vc80-mt-1_36.dll
0x000000007d010000 - 0x000000007d298000 	C:\Program Files\MATLAB\R2010a\bin\win64\libmwservices.dll
0x000000007cfa0000 - 0x000000007d00d000 	C:\Program Files\MATLAB\R2010a\bin\win64\libmx.dll
0x00000000792b0000 - 0x00000000792c7000 	C:\Program Files\MATLAB\R2010a\bin\win64\zlib1.dll
0x000000007d2a0000 - 0x000000007d37c000 	C:\Program Files\MATLAB\R2010a\bin\win64\libmwmathutil.dll
0x000000007a9b0000 - 0x000000007aa0e000 	C:\Program Files\MATLAB\R2010a\bin\win64\mpath.dll
0x000000007d690000 - 0x000000007d812000 	C:\Program Files\MATLAB\R2010a\bin\win64\mlutil.dll
0x000000007e860000 - 0x000000007e8ec000 	C:\Program Files\MATLAB\R2010a\bin\win64\xmlcore.dll
0x000000007a320000 - 0x000000007a5b5000 	C:\Program Files\MATLAB\R2010a\bin\win64\xerces-c_2_7.dll
0x000007fefdc80000 - 0x000007fefdccd000 	C:\Windows\system32\WS2_32.dll
0x000007fefe4d0000 - 0x000007fefe4d8000 	C:\Windows\system32\NSI.dll
0x000007fefe4e0000 - 0x000007feff268000 	C:\Windows\system32\SHELL32.dll
0x000007feff290000 - 0x000007feff301000 	C:\Windows\system32\SHLWAPI.dll
0x000007feeea70000 - 0x000007feeeb10000 	C:\Windows\WinSxS\amd64_microsoft.windows.common-controls_6595b64144ccf1df_5.82.7601.17514_none_a4d6a923711520a9\COMCTL32.dll
0x000007fefe250000 - 0x000007fefe2e7000 	C:\Windows\system32\comdlg32.dll
0x000007fefc890000 - 0x000007fefc8a6000 	C:\Windows\system32\NETAPI32.dll
0x000007fefca40000 - 0x000007fefca4c000 	C:\Windows\system32\netutils.dll
0x000007fefd050000 - 0x000007fefd073000 	C:\Windows\system32\srvcli.dll
0x000007fefc870000 - 0x000007fefc885000 	C:\Windows\system32\wkscli.dll
0x000000007ad90000 - 0x000000007ae2e000 	C:\Program Files\MATLAB\R2010a\bin\win64\mcr.dll
0x0000000001300000 - 0x0000000001325000 	C:\Program Files\MATLAB\R2010a\bin\win64\libmwi18n.dll
0x000000007c8d0000 - 0x000000007c983000 	C:\Program Files\MATLAB\R2010a\bin\win64\iqm.dll
0x000000007b500000 - 0x000000007bdb0000 	C:\Program Files\MATLAB\R2010a\bin\win64\m_interpreter.dll
0x000000007c9b0000 - 0x000000007c9c6000 	C:\Program Files\MATLAB\R2010a\bin\win64\libmex.dll
0x000000007abf0000 - 0x000000007aca4000 	C:\Program Files\MATLAB\R2010a\bin\win64\m_dispatcher.dll
0x000000007ead0000 - 0x000000007ebc1000 	C:\Program Files\MATLAB\R2010a\bin\win64\boost_regex-vc80-mt-1_36.dll
0x000000007aa90000 - 0x000000007ab27000 	C:\Program Files\MATLAB\R2010a\bin\win64\profiler.dll
0x000000007ca40000 - 0x000000007ca71000 	C:\Program Files\MATLAB\R2010a\bin\win64\libmwmathrng.dll
0x0000000079200000 - 0x000000007921a000 	C:\Program Files\MATLAB\R2010a\bin\win64\m_pcodeio.dll
0x000000007a960000 - 0x000000007a9ad000 	C:\Program Files\MATLAB\R2010a\bin\win64\m_ir.dll
0x000000007aef0000 - 0x000000007b4f1000 	C:\Program Files\MATLAB\R2010a\bin\win64\m_parser.dll
0x000000007c990000 - 0x000000007c9a4000 	C:\Program Files\MATLAB\R2010a\bin\win64\ir_xfmr.dll
0x0000000078a50000 - 0x0000000078d2f000 	C:\Program Files\MATLAB\R2010a\bin\win64\mcos.dll
0x000000007ca90000 - 0x000000007ca9c000 	C:\Program Files\MATLAB\R2010a\bin\win64\mtok.dll
0x00000000791d0000 - 0x00000000791f6000 	C:\Program Files\MATLAB\R2010a\bin\win64\m_pcodegen.dll
0x0000000001420000 - 0x0000000001472000 	C:\Program Files\MATLAB\R2010a\bin\win64\libmwspmatrix.dll
0x000007fefa750000 - 0x000007fefa875000 	C:\Windows\system32\dbghelp.dll
0x0000000001490000 - 0x00000000014bc000 	C:\Program Files\MATLAB\R2010a\bin\win64\libmwbridge.dll
0x000000007c4f0000 - 0x000000007c5b7000 	C:\Program Files\MATLAB\R2010a\bin\win64\udd.dll
0x000000007d4b0000 - 0x000000007d604000 	C:\Program Files\MATLAB\R2010a\bin\win64\libmwgui.dll
0x0000000079320000 - 0x0000000079acf000 	C:\Program Files\MATLAB\R2010a\bin\win64\hg.dll
0x0000000079100000 - 0x0000000079150000 	C:\Program Files\MATLAB\R2010a\bin\win64\libmat.dll
0x000000007cc60000 - 0x000000007ce7b000 	C:\Program Files\MATLAB\R2010a\bin\win64\libhdf5.dll
0x000000007a860000 - 0x000000007a8e3000 	C:\Program Files\MATLAB\R2010a\bin\win64\jmi.dll
0x000000007a790000 - 0x000000007a7d6000 	C:\Program Files\MATLAB\R2010a\bin\win64\libmwhardcopy.dll
0x000000007a8f0000 - 0x000000007a959000 	C:\Program Files\MATLAB\R2010a\bin\win64\libuij.dll
0x0000000078730000 - 0x00000000788b3000 	C:\Program Files\MATLAB\R2010a\bin\win64\hgdatatypes.dll
0x0000000078670000 - 0x0000000078721000 	C:\Program Files\MATLAB\R2010a\bin\win64\hgutils.dll
0x0000000079150000 - 0x00000000791cc000 	C:\Program Files\MATLAB\R2010a\bin\win64\libmwlapack.dll
0x000000007c9e0000 - 0x000000007c9f3000 	C:\Program Files\MATLAB\R2010a\bin\win64\libmwbinder.dll
0x000000007c5c0000 - 0x000000007c881000 	C:\Program Files\MATLAB\R2010a\bin\win64\uiw.dll
0x000000007caf0000 - 0x000000007cafa000 	C:\Program Files\MATLAB\R2010a\bin\win64\uinone.dll
0x0000000050890000 - 0x0000000050a2c000 	C:\Windows\WinSxS\amd64_microsoft.vc80.mfc_1fc8b3b9a1e18e3b_8.0.50727.6195_none_8448b2bd328df189\MFC80.DLL
0x000007fef5c60000 - 0x000007fef5cd1000 	C:\Windows\system32\WINSPOOL.DRV
0x000007fefdee0000 - 0x000007fefe0e3000 	C:\Windows\system32\ole32.dll
0x000007fefe0f0000 - 0x000007fefe1c7000 	C:\Windows\system32\OLEAUT32.dll
0x000000007ae30000 - 0x000000007aee6000 	C:\Program Files\MATLAB\R2010a\bin\win64\udd_mi.dll
0x0000000079220000 - 0x000000007923f000 	C:\Program Files\MATLAB\R2010a\bin\win64\mwoles05.DLL
0x000000007aa10000 - 0x000000007aa82000 	C:\Program Files\MATLAB\R2010a\bin\win64\comcli.dll
0x000000006fe50000 - 0x000000006fe70000 	C:\Windows\WinSxS\amd64_microsoft.vc80.atl_1fc8b3b9a1e18e3b_8.0.50727.6195_none_8a1dd9552ed7f8d8\ATL80.DLL
0x000000007ca80000 - 0x000000007ca8e000 	C:\Program Files\MATLAB\R2010a\bin\win64\mlautoregister.dll
0x000007fefd830000 - 0x000007fefd85e000 	C:\Windows\system32\IMM32.DLL
0x000007fefd860000 - 0x000007fefd969000 	C:\Windows\system32\MSCTF.dll
0x000000006fa00000 - 0x000000006fa3f000 	C:\PROGRA~2\Sophos\SOPHOS~1\SOPHOS~2.DLL
0x00000000709d0000 - 0x00000000709dd000 	C:\Windows\WinSxS\amd64_microsoft.vc80.mfcloc_1fc8b3b9a1e18e3b_8.0.50727.6195_none_bc20f59b0bdd1acd\MFC80ENU.DLL
0x000007fefd460000 - 0x000007fefd46f000 	C:\Windows\system32\profapi.dll
0x000007fefd350000 - 0x000007fefd35f000 	C:\Windows\system32\CRYPTBASE.dll
0x000007fefbe50000 - 0x000007fefbea6000 	C:\Windows\system32\uxtheme.dll
0x000007fefbeb0000 - 0x000007fefc0a4000 	C:\Windows\WinSxS\amd64_microsoft.windows.common-controls_6595b64144ccf1df_6.0.7601.17514_none_fa396087175ac9ac\comctl32.dll
0x000007fefe2f0000 - 0x000007fefe4c7000 	C:\Windows\system32\SETUPAPI.dll
0x000007fefd510000 - 0x000007fefd546000 	C:\Windows\system32\CFGMGR32.dll
0x000007fefd550000 - 0x000007fefd56a000 	C:\Windows\system32\DEVOBJ.dll
0x000007fefdb60000 - 0x000007fefdbf9000 	C:\Windows\system32\CLBCatQ.DLL
0x000007fefb860000 - 0x000007fefb98c000 	C:\Windows\system32\propsys.dll
0x000007fefc3a0000 - 0x000007fefc3cd000 	C:\Windows\system32\ntmarta.dll
0x000007fefe1d0000 - 0x000007fefe222000 	C:\Windows\system32\WLDAP32.dll
0x000007fef9ea0000 - 0x000007fef9ec7000 	C:\Windows\system32\iphlpapi.dll
0x000007fef9e90000 - 0x000007fef9e9b000 	C:\Windows\system32\WINNSI.DLL
0x000007fefcb10000 - 0x000007fefcb6b000 	C:\Windows\system32\DNSAPI.dll
0x000007fef9a80000 - 0x000007fef9a91000 	C:\Windows\system32\dhcpcsvc6.DLL
0x000007fef9940000 - 0x000007fef9958000 	C:\Windows\system32\dhcpcsvc.DLL
0x000007fefd2c0000 - 0x000007fefd2e5000 	C:\Windows\system32\SspiCli.dll
0x000000006f620000 - 0x000000006f623000 	C:\Windows\system32\icmp.Dll
0x000000006d7f0000 - 0x000000006dda8000 	C:\Program Files\MATLAB\R2010a\sys\java\jre\win64\jre\bin\server\jvm.dll
0x000007fefb760000 - 0x000007fefb79b000 	C:\Windows\system32\WINMM.dll
0x000007fefb5a0000 - 0x000007fefb5b8000 	C:\Windows\system32\dwmapi.dll
0x000000007aba0000 - 0x000000007abaa000 	C:\Program Files\MATLAB\R2010a\sys\java\jre\win64\jre\bin\hpi.dll
0x000000007abc0000 - 0x000000007abce000 	C:\Program Files\MATLAB\R2010a\sys\java\jre\win64\jre\bin\verify.dll
0x00000000792d0000 - 0x00000000792f7000 	C:\Program Files\MATLAB\R2010a\sys\java\jre\win64\jre\bin\java.dll
0x000000007abd0000 - 0x000000007abe2000 	C:\Program Files\MATLAB\R2010a\sys\java\jre\win64\jre\bin\zip.dll
0x0000000079240000 - 0x000000007926b000 	C:\Program Files\MATLAB\R2010a\bin\win64\nativejava.dll
0x000007fefa2c0000 - 0x000007fefa2d8000 	C:\Windows\system32\MPR.dll
0x0000000079270000 - 0x00000000792a7000 	C:\Program Files\MATLAB\R2010a\bin\win64\nativejmi.dll
0x000000007cae0000 - 0x000000007caed000 	C:\Program Files\MATLAB\R2010a\bin\win64\nativeservices.dll
0x000000007a5c0000 - 0x000000007a782000 	C:\Program Files\MATLAB\R2010a\sys\java\jre\win64\jre\bin\awt.dll
0x000000007acb0000 - 0x000000007ad1b000 	C:\Program Files\MATLAB\R2010a\sys\java\jre\win64\jre\bin\fontmanager.dll
0x0000000079300000 - 0x0000000079317000 	C:\Program Files\MATLAB\R2010a\sys\java\jre\win64\jre\bin\net.dll
0x000007fefcc90000 - 0x000007fefcce5000 	C:\Windows\system32\mswsock.dll
0x000007fefcc80000 - 0x000007fefcc87000 	C:\Windows\System32\wship6.dll
0x000000007abb0000 - 0x000000007abbb000 	C:\Program Files\MATLAB\R2010a\sys\java\jre\win64\jre\bin\nio.dll

VM Arguments:
jvm_args: -Xss512k -XX:PermSize=32m -Xms64m -XX:NewRatio=3 -XX:MaxPermSize=128m -Xmx196m -XX:MaxDirectMemorySize=2147400000 -Dsun.java2d.noddraw=true -Dsun.awt.nopixfmt=true -Xshare:off -Xrs -Djava.library.path=C:\Program Files\MATLAB\R2010a\bin\win64 vfprintf abort 
java_command: <unknown>
Launcher Type: generic

Environment Variables:
CLASSPATH=.;C:\Program Files (x86)\Java\jre6\lib\ext\QTJava.zip
PATH=C:\Program Files\Common Files\Microsoft Shared\Windows Live;C:\Program Files (x86)\Common Files\Microsoft Shared\Windows Live;C:\WinAVR-20100110\bin;C:\WinAVR-20100110\utils\bin;C:\Program Files (x86)\SinoVoice\jTTS 5.0.1 DeskTop\Bin;C:\Program Files (x86)\Microsoft SQL Server\90\Tools\binn\;C:\Program Files (x86)\IVI Foundation\IVI\bin;C:\Program Files\IVI Foundation\IVI\bin;C:\Program Files\IVI Foundation\VISA\Win64\Bin\;C:\Program Files (x86)\IVI Foundation\VISA\WinNT\Bin\;C:\Program Files (x86)\IVI Foundation\VISA\WinNT\Bin;C:\Program Files (x86)\TortoiseHg\;C:\Program Files (x86)\Windows Live\Shared;C:\Program Files\MATLAB\R2011a\runtime\win64;C:\Program Files\MATLAB\R2011a\bin;C:\Program Files\MATLAB\R2010bSP1\runtime\win64;C:\Program Files\MATLAB\R2010bSP1\bin;C:\OpenCV2.2\bin;C:\Program Files (x86)\CMake 2.8\bin;C:\BitFlow SDK 5.30\Bin;C:\Python25;C:\python25\Scripts;C:\Windows\System32;C:\Program Files (x86)\National Instruments\Shared\System\;C:\Program Files (x86)\MATLAB\R2011a\runtime\win32;C:\Program Files (x86)\MATLAB\R2011a\bin;C:\Program Files\TortoiseGit\bin;C:\Qt\4.8.1\bin; C:\Program Files (x86)\GnuWin32\bin ; D:\JOVIAN_Mark\dependentFiles\collada-dom\dom\build\vc10-1.4;D:\JOVIAN_Mark\dependentFiles\collada-dom\dom\build\vc10-1.4-d;C:\Program Files (x86)\OpenSceneGraph\bin;C:\Program Files (x86)\osgBullet\bin;C:\Program Files (x86)\osgWorks\bin;C:\Program Files (x86)\OpenSceneGraph\bin\osgPlugins-3.1.0;C:\Program Files (x86)\QuickTime\QTSystem\;C:\cygwin
USERNAME=liujin
OS=Windows_NT
PROCESSOR_IDENTIFIER=Intel64 Family 6 Model 30 Stepping 5, GenuineIntel



---------------  S Y S T E M  ---------------

OS: Windows NT 6.1 Build 7601 Service Pack 1

CPU:total 8 (8 cores per cpu, 2 threads per core) family 6 model 14 stepping 5, cmov, cx8, fxsr, mmx, sse, sse2, sse3, ssse3, ht

Memory: 4k page, physical 12505264k(6595932k free), swap 25008676k(17706932k free)

vm_info: Java HotSpot(TM) 64-Bit Server VM (11.2-b01) for windows-amd64 JRE (1.6.0_12-b04), built on Jan 17 2009 01:49:05 by "java_re" with MS VC++ 8.0

time: Thu Jul 26 22:52:22 2012
elapsed time: 284110 seconds

